<?xml version="1.0" encoding="utf-8"?><testsuites name="pytest tests"><testsuite name="pytest" errors="0" failures="0" skipped="0" tests="18" time="1.706" timestamp="2026-06-07T07:05:38.195027+00:00" hostname="agent-env-f9482049-c183-4f43-8f27-f17697f38d89"><testcase classname="backend.tests.test_search_atlas.TestTrends" name="test_all_time_default_15" time="0.251" /><testcase classname="backend.tests.test_search_atlas.TestTrends" name="test_all_time_limit" time="0.047" /><testcase classname="backend.tests.test_search_atlas.TestTrends" name="test_all_time_limit_invalid" time="0.050" /><testcase classname="backend.tests.test_search_atlas.TestTrends" name="test_trends_now_global_sorted" time="0.045" /><testcase classname="backend.tests.test_search_atlas.TestTrends" name="test_trends_now_country_lowercase" time="0.046" /><testcase classname="backend.tests.test_search_atlas.TestTrends" name="test_trends_now_category_filter" time="0.048" /><testcase classname="backend.tests.test_search_atlas.TestTrends" name="test_trends_now_unknown_country_404" time="0.046" /><testcase classname="backend.tests.test_search_atlas.TestTrends" name="test_ticker" time="0.049" /><testcase classname="backend.tests.test_search_atlas.TestTrends" name="test_countries" time="0.047" /><testcase classname="backend.tests.test_search_atlas.TestTrends" name="test_categories" time="0.048" /><testcase classname="backend.tests.test_search_atlas.TestGame" name="test_game_pair" time="0.055" /><testcase classname="backend.tests.test_search_atlas.TestGame" name="test_game_guess_correct" time="0.089" /><testcase classname="backend.tests.test_search_atlas.TestGame" name="test_game_guess_wrong" time="0.092" /><testcase classname="backend.tests.test_search_atlas.TestGame" name="test_game_guess_unknown_id" time="0.046" /><testcase classname="backend.tests.test_search_atlas.TestNewsletter" name="test_subscribe_and_idempotent" time="0.131" /><testcase classname="backend.tests.test_search_atlas.TestNewsletter" name="test_subscribe_invalid_email" time="0.054" /><testcase classname="backend.tests.test_search_atlas.TestContent" name="test_sponsored" time="0.048" /><testcase classname="backend.tests.test_search_atlas.TestContent" name="test_affiliates" time="0.045" /></testsuite></testsuites>